[2026-03-15T13:45:01.048Z] GET https://usehandle.ai/ → 200 (259ms, 13199B)
[2026-03-15T13:45:01.320Z] GET https://usehandle.ai/_next/static/media/3df5becfbeecc91c-s.p.cc467629.woff2 → 200 (279ms, 21928B)
[2026-03-15T13:45:01.320Z] GET https://usehandle.ai/_next/static/media/70bc3e132a0a741e-s.p.15008bfb.woff2 → 200 (190ms, 40480B)
[2026-03-15T13:45:01.320Z] GET https://usehandle.ai/_next/static/media/83afe278b6a6bb3c-s.p.3a6ba036.woff2 → 200 (187ms, 48432B)
[2026-03-15T13:45:01.320Z] GET https://usehandle.ai/_next/static/media/Satoshi_Black-s.p.93dfebd5.ttf → 200 (207ms, 73300B)
[2026-03-15T13:45:01.320Z] GET https://usehandle.ai/_next/static/media/Satoshi_Bold-s.p.f13f9bcf.ttf → 200 (277ms, 73476B)
[2026-03-15T13:45:01.321Z] GET https://usehandle.ai/_next/static/media/Satoshi_Light-s.p.f49650cc.ttf → 200 (394ms, 71808B)
[2026-03-15T13:45:01.321Z] GET https://usehandle.ai/_next/static/media/Satoshi_Medium-s.p.054868cb.ttf → 200 (407ms, 73888B)
[2026-03-15T13:45:01.321Z] GET https://usehandle.ai/_next/static/media/Satoshi_Regular-s.p.b2eba5ab.ttf → 200 (361ms, 73624B)
[2026-03-15T13:45:01.321Z] GET https://usehandle.ai/_next/static/media/TestS%C3%B6hne_Buch-s.p.954da780.otf → 200 (211ms, 13176B)
[2026-03-15T13:45:01.321Z] GET https://usehandle.ai/_next/static/media/TestS%C3%B6hne_Kr%C3%A4ftig-s.p.d5304b81.otf → 200 (276ms, 13412B)
[2026-03-15T13:45:01.321Z] GET https://usehandle.ai/_next/static/media/TestTiemposHeadline_Bold-s.p.3d1900ea.otf → 200 (231ms, 15940B)
[2026-03-15T13:45:01.321Z] GET https://usehandle.ai/_next/static/media/dbadd27cbc481e31-s.p.e7196f5d.woff2 → 200 (433ms, 23420B)
[2026-03-15T13:45:01.321Z] GET https://usehandle.ai/_next/static/chunks/bb28b19507800ce2.css → 200 (277ms, 43707B)
[2026-03-15T13:45:01.321Z] GET https://usehandle.ai/_next/static/chunks/53902f68d0321cbd.js → 200 (279ms, 18087B)
[2026-03-15T13:45:01.322Z] GET https://usehandle.ai/_next/static/chunks/40f1846f7d007f42.js → 200 (365ms, 40792B)
[2026-03-15T13:45:01.322Z] GET https://usehandle.ai/_next/static/chunks/aee6c7720838f8a2.js → 200 (319ms, 224413B)
[2026-03-15T13:45:01.322Z] GET https://usehandle.ai/_next/static/chunks/01bf887ab4501022.js → 200 (339ms, 116651B)
[2026-03-15T13:45:01.322Z] GET https://usehandle.ai/_next/static/chunks/turbopack-1ddaceb86f06503f.js → 200 (279ms, 10232B)
[2026-03-15T13:45:01.322Z] GET https://usehandle.ai/_next/static/chunks/5d967200b0013cd7.js → 200 (416ms, 44156B)
[2026-03-15T13:45:01.322Z] GET https://usehandle.ai/_next/static/chunks/ff1a16fafef87110.js → 200 (136ms, 282B)
[2026-03-15T13:45:01.322Z] GET https://usehandle.ai/_next/static/chunks/d2be314c3ece3fbe.js → 200 (287ms, 30681B)
[2026-03-15T13:45:01.322Z] GET https://usehandle.ai/_next/static/chunks/0eb44573fa5eafe6.js → 200 (220ms, 15686B)
[2026-03-15T13:45:01.322Z] GET https://usehandle.ai/_next/static/chunks/0a2f220fca6393db.js → 200 (218ms, 49743B)
[2026-03-15T13:45:01.754Z] GET https://usehandle.ai/images/hero-bg.jpg → 200 (134ms, ?B)
[2026-03-15T13:45:01.778Z] GET https://usehandle.ai/logos/white.webp → pending (?ms, ?B)
[2026-03-15T13:45:01.779Z] GET https://usehandle.ai/images/pain-1.png → pending (?ms, ?B)
[2026-03-15T13:45:01.779Z] GET https://usehandle.ai/images/pain-2.png → 200 (158ms, ?B)
[2026-03-15T13:45:01.779Z] GET https://usehandle.ai/images/pain-3.png → pending (?ms, ?B)
[2026-03-15T13:45:01.779Z] GET https://usehandle.ai/images/pain-4.png → pending (?ms, ?B)
[2026-03-15T13:45:01.779Z] GET https://usehandle.ai/images/baked/quoting.jpg → pending (?ms, ?B)
[2026-03-15T13:45:01.784Z] GET https://firebase.googleapis.com/v1alpha/projects/-/apps/1:148965019157:web:032ffdbedb165306cfc81c/webConfig → pending (?ms, ?B)
[2026-03-15T13:45:01.789Z] POST https://firebaseinstallations.googleapis.com/v1/projects/landing-v2-prod/installations → pending (?ms, ?B)
[2026-03-15T13:45:02.090Z] GET https://www.googletagmanager.com/gtag/js?l=dataLayer&id=G-P2WL3PCYMW → 200 (448ms, 403105B)
[2026-03-15T13:45:02.564Z] POST https://www.google-analytics.com/g/collect?v=2&tid=G-P2WL3PCYMW&gtm=45je63b1v9245927625za200zd9245927625&_p=1773582302090&gcd=13l3l3l3l1l1&npa=0&dma=0&_fid=dw-8a13rskABV-p2gF8PBd&cid=728496253.1773582303&ul=en-us&sr=1280x720&uaa=arm&uab=64&uafvl=Not%253AA-Brand%3B99.0.0.0%7CHeadlessChrome%3B145.0.7632.6%7CChromium%3B145.0.7632.6&uamb=0&uam=&uap=macOS&uapv=15.6.1&uaw=0&are=1&frm=0&pscdl=noapi&_s=1&tag_exp=102015666~103116026~103200004~115938465~115938469~116024733~117484252&sid=1773582302&sct=1&seg=0&dl=https%3A%2F%2Fusehandle.ai%2F&dt=Handle%20%E2%80%94%20AI%20Agents%20for%20Insurance%20Operations&en=page_view&_fv=1&_nsi=1&_ss=1&_ee=1&ep.origin=firebase&tfd=1516 → 204 (169ms, ?B)
[2026-03-15T13:45:46.453Z] GET https://usehandle.ai/images/baked/monitoreo.jpg → 200 (145ms, ?B)
[2026-03-15T13:45:56.902Z] GET https://usehandle.ai/images/baked/conciliacion.jpg → pending (?ms, ?B)
[2026-03-15T13:46:14.237Z] GET https://usehandle.ai/images/products/signal.jpg → pending (?ms, ?B)
[2026-03-15T13:46:14.237Z] GET https://usehandle.ai/images/products/inbox.jpg → 200 (132ms, ?B)
[2026-03-15T13:46:14.237Z] GET https://usehandle.ai/images/products/agents.jpg → pending (?ms, ?B)
[2026-03-15T13:46:19.438Z] GET https://usehandle.ai/logo.svg → 200 (182ms, 12869B)
